2026-01-19 22:13:04,223 [INFO] Activator:176 - 


2026-01-19 22:13:04,229 [INFO] Activator:177 - !SESSION log4j initialized
2026-01-19 22:13:12,247 [INFO] LogOutputStream:77 - [STDOUT_REDIRECT] 
2026-01-19 22:13:14,343 [INFO] ApplicationProperties:184 - Using Application install path: /opt/st/stm32cubeide_1.19.0/plugins/com.st.stm32cube.common.mx_6.15.0.202507011659
2026-01-19 22:13:14,375 [INFO] DbMcusXml:78 - Set database path to: /opt/st/stm32cubeide_1.19.0/plugins/com.st.stm32cube.common.mx_6.15.0.202507011659//db//mcu/
2026-01-19 22:13:14,375 [INFO] ApiDb:274 - Set plugin database path to: /opt/st/stm32cubeide_1.19.0/plugins/com.st.stm32cube.common.mx_6.15.0.202507011659//db//plugins/boardmanager/
2026-01-19 22:13:14,375 [WARN] ApiDb:259 - Overriding images path with different value:  => /opt/st/stm32cubeide_1.19.0/plugins/com.st.stm32cube.common.mx_6.15.0.202507011659//db//plugins/mcufinder/images/
2026-01-19 22:13:14,388 [INFO] ApiDb:250 - Set database path to: /home/gaksamaz/.stmcufinder/plugins/mcufinder//mcu/
2026-01-19 22:13:14,391 [INFO] DbMcusAds:125 - Set database path to: /home/gaksamaz/.stmcufinder/plugins/mcufinder//mcu/
2026-01-19 22:13:14,396 [INFO] CrossReferenceDbSqlite:203 - Set database path to: /home/gaksamaz/.stmcufinder/plugins/mcufinder//mcu/cs/
2026-01-19 22:13:14,596 [INFO] RulesReader:64 - Compatibility file has been processed (317 Rules)
2026-01-19 22:13:14,733 [INFO] DbMcusXml:78 - Set database path to: /opt/st/stm32cubeide_1.19.0/plugins/com.st.stm32cube.common.mx_6.15.0.202507011659//db//mcu/
2026-01-19 22:13:14,734 [INFO] ApiDb:274 - Set plugin database path to: /opt/st/stm32cubeide_1.19.0/plugins/com.st.stm32cube.common.mx_6.15.0.202507011659//db//plugins/boardmanager/
2026-01-19 22:13:14,734 [INFO] ApiDb:261 - Set plugin images path to: /opt/st/stm32cubeide_1.19.0/plugins/com.st.stm32cube.common.mx_6.15.0.202507011659//db//plugins/mcufinder/images/
2026-01-19 22:13:14,734 [WARN] DbFile:41 - Overriding database path with different value: /home/gaksamaz/.stmcufinder/plugins/mcufinder/ => /home/gaksamaz/.stmcufinder/plugins/mcufinder
2026-01-19 22:13:14,734 [INFO] ApiDb:250 - Set database path to: /home/gaksamaz/.stmcufinder/plugins/mcufinder//mcu/
2026-01-19 22:13:14,735 [WARN] DbFile:41 - Overriding database path with different value: /home/gaksamaz/.stmcufinder/plugins/mcufinder/ => /home/gaksamaz/.stmcufinder/plugins/mcufinder
2026-01-19 22:13:14,735 [INFO] DbMcusAds:125 - Set database path to: /home/gaksamaz/.stmcufinder/plugins/mcufinder//mcu/
2026-01-19 22:13:14,735 [WARN] DbFile:41 - Overriding database path with different value: /home/gaksamaz/.stmcufinder/plugins/mcufinder/ => /home/gaksamaz/.stmcufinder/plugins/mcufinder
2026-01-19 22:13:14,735 [WARN] DbFile:41 - Overriding database path with different value: /home/gaksamaz/.stmcufinder/plugins/mcufinder/ => /home/gaksamaz/.stmcufinder/plugins/mcufinder
2026-01-19 22:13:14,735 [INFO] CrossReferenceDbSqlite:203 - Set database path to: /home/gaksamaz/.stmcufinder/plugins/mcufinder//mcu/cs/
2026-01-19 22:13:14,885 [INFO] MainPanel:274 - HeapMemory: 300941312
2026-01-19 22:13:15,209 [INFO] DbMcusXml:78 - Set database path to: /opt/st/stm32cubeide_1.19.0/plugins/com.st.stm32cube.common.mx_6.15.0.202507011659//db//mcu/
2026-01-19 22:13:15,209 [INFO] ApiDb:274 - Set plugin database path to: /opt/st/stm32cubeide_1.19.0/plugins/com.st.stm32cube.common.mx_6.15.0.202507011659//db//plugins/boardmanager/
2026-01-19 22:13:15,209 [INFO] ApiDb:261 - Set plugin images path to: /opt/st/stm32cubeide_1.19.0/plugins/com.st.stm32cube.common.mx_6.15.0.202507011659//db//plugins/mcufinder/images/
2026-01-19 22:13:15,210 [WARN] DbFile:41 - Overriding database path with different value: /home/gaksamaz/.stmcufinder/plugins/mcufinder/ => /home/gaksamaz/.stmcufinder/plugins/mcufinder
2026-01-19 22:13:15,210 [INFO] ApiDb:250 - Set database path to: /home/gaksamaz/.stmcufinder/plugins/mcufinder//mcu/
2026-01-19 22:13:15,211 [WARN] DbFile:41 - Overriding database path with different value: /home/gaksamaz/.stmcufinder/plugins/mcufinder/ => /home/gaksamaz/.stmcufinder/plugins/mcufinder
2026-01-19 22:13:15,211 [INFO] DbMcusAds:125 - Set database path to: /home/gaksamaz/.stmcufinder/plugins/mcufinder//mcu/
2026-01-19 22:13:15,211 [WARN] DbFile:41 - Overriding database path with different value: /home/gaksamaz/.stmcufinder/plugins/mcufinder/ => /home/gaksamaz/.stmcufinder/plugins/mcufinder
2026-01-19 22:13:15,211 [WARN] DbFile:41 - Overriding database path with different value: /home/gaksamaz/.stmcufinder/plugins/mcufinder/ => /home/gaksamaz/.stmcufinder/plugins/mcufinder
2026-01-19 22:13:15,211 [INFO] CrossReferenceDbSqlite:203 - Set database path to: /home/gaksamaz/.stmcufinder/plugins/mcufinder//mcu/cs/
2026-01-19 22:13:15,244 [INFO] ApplicationProperties:184 - Using Application install path: /opt/st/stm32cubeide_1.19.0/plugins/com.st.stm32cube.common.mx_6.15.0.202507011659
2026-01-19 22:13:15,248 [INFO] PluginManage:196 - Search for loadable plugins [exclusion list=, ]
2026-01-19 22:13:15,252 [INFO] PluginManage:310 - Check plugin analytics
2026-01-19 22:13:15,538 [INFO] AnalyticsPlugin:253 - Accepted Software Licenses: STM32CubeMX.6.15.0
2026-01-19 22:13:15,538 [INFO] AnalyticsPlugin:255 - Accepted CMSIS Pack Licenses: 
2026-01-19 22:13:15,539 [INFO] AnalyticsPlugin:257 - Accepted Firmware Licenses: 
2026-01-19 22:13:15,544 [INFO] PluginManage:359 - Loaded plugin analytics (category:tool,tabindex:-1)
2026-01-19 22:13:15,545 [INFO] PluginManage:310 - Check plugin cadmodel
2026-01-19 22:13:15,557 [INFO] CADModel:105 - Init CAD model plugin
2026-01-19 22:13:15,558 [INFO] PluginManage:359 - Loaded plugin cadmodel (category:power,tabindex:5)
2026-01-19 22:13:15,558 [INFO] PluginManage:310 - Check plugin clock
2026-01-19 22:13:15,574 [INFO] PluginManage:359 - Loaded plugin clock (category:base,tabindex:2)
2026-01-19 22:13:15,575 [INFO] PluginManage:310 - Check plugin ddr
2026-01-19 22:13:15,579 [INFO] PluginManage:359 - Loaded plugin ddr (category:tool,tabindex:6)
2026-01-19 22:13:15,579 [INFO] PluginManage:310 - Check plugin filemanager
2026-01-19 22:13:15,823 [INFO] PluginManage:359 - Loaded plugin filemanager (category:base,tabindex:10)
2026-01-19 22:13:15,823 [INFO] PluginManage:310 - Check plugin ipmanager
2026-01-19 22:13:15,832 [INFO] PluginManage:359 - Loaded plugin ipmanager (category:base,tabindex:5)
2026-01-19 22:13:15,832 [INFO] PluginManage:310 - Check plugin lpbam
2026-01-19 22:13:15,851 [INFO] PluginManage:359 - Loaded plugin lpbam (category:base,tabindex:0)
2026-01-19 22:13:15,851 [INFO] PluginManage:310 - Check plugin memorymap
2026-01-19 22:13:15,872 [INFO] PluginManage:359 - Loaded plugin memorymap (category:base,tabindex:4)
2026-01-19 22:13:15,873 [INFO] PluginManage:310 - Check plugin pinoutandconfiguration
2026-01-19 22:13:15,888 [INFO] PluginManage:359 - Loaded plugin pinoutandconfiguration (category:base,tabindex:1)
2026-01-19 22:13:15,888 [INFO] PluginManage:310 - Check plugin pinoutconfig
2026-01-19 22:13:16,054 [WARN] SupportedApi:132 - Cannot load RTOS API schema: s4s-elt-must-match.1: The content of 'definitions' must match (annotation?, (simpleType | complexType)?, (unique | key | keyref)*)). A problem was found starting at: attribute.
2026-01-19 22:13:16,307 [INFO] PluginManage:359 - Loaded plugin pinoutconfig (category:base,tabindex:0)
2026-01-19 22:13:16,307 [INFO] PluginManage:310 - Check plugin power
2026-01-19 22:13:16,334 [INFO] PluginManage:359 - Loaded plugin power (category:power,tabindex:4)
2026-01-19 22:13:16,335 [INFO] PluginManage:310 - Check plugin projectmanager
2026-01-19 22:13:16,366 [INFO] PluginManage:359 - Loaded plugin projectmanager (category:projectmanager,tabindex:4)
2026-01-19 22:13:16,367 [INFO] PluginManage:310 - Check plugin rif
2026-01-19 22:13:16,390 [INFO] PluginManage:359 - Loaded plugin rif (category:base,tabindex:3)
2026-01-19 22:13:16,390 [INFO] PluginManage:310 - Check plugin thirdparty
2026-01-19 22:13:16,665 [INFO] PluginManage:359 - Loaded plugin thirdparty (category:base,tabindex:-1)
2026-01-19 22:13:16,666 [INFO] PluginManage:310 - Check plugin tools
2026-01-19 22:13:16,665 [WARN] IntegrityCheckThread:84 - waiting for thirdparty lock release [integrity check]
2026-01-19 22:13:16,668 [INFO] IntegrityCheckThread:86 - entering critical section [integrity check]
2026-01-19 22:13:16,669 [INFO] ThirdPartyUpdaterWithRetryManager:70 - Updater plugin not ready yet. [1/15]
2026-01-19 22:13:16,670 [INFO] PluginManage:359 - Loaded plugin tools (category:base,tabindex:7)
2026-01-19 22:13:16,670 [INFO] PluginManage:310 - Check plugin tutovideos
2026-01-19 22:13:17,004 [INFO] PluginManage:359 - Loaded plugin tutovideos (category:base,tabindex:-1)
2026-01-19 22:13:17,004 [INFO] PluginManage:310 - Check plugin updater
2026-01-19 22:13:17,044 [INFO] PluginManage:359 - Loaded plugin updater (category:base,tabindex:12)
2026-01-19 22:13:17,044 [INFO] PluginManage:310 - Check plugin userauth
2026-01-19 22:13:17,052 [INFO] UserAuth:118 - Init User Auth plugin
2026-01-19 22:13:17,053 [INFO] PluginManage:359 - Loaded plugin userauth (category:base,tabindex:14)
2026-01-19 22:13:17,054 [INFO] PluginManage:283 - PluginManage : Loaded plugins [18]
2026-01-19 22:13:17,378 [INFO] PinOutPanel:1589 - setPackage(No Configuration,No Configuration)
2026-01-19 22:13:17,497 [INFO] CADModel:165 - CPN selected for project level
2026-01-19 22:13:17,498 [INFO] CADModel:114 - Register for checkConnection events
2026-01-19 22:13:17,523 [INFO] IPUIPlugin:80 - create IPUIPlugin
2026-01-19 22:13:17,524 [INFO] PluginManager:220 - loadIPPluginJar : add i3c
2026-01-19 22:13:17,528 [INFO] IPUIPlugin:80 - create IPUIPlugin
2026-01-19 22:13:17,528 [INFO] PluginManager:220 - loadIPPluginJar : add i2s
2026-01-19 22:13:17,534 [INFO] IPUIPlugin:80 - create IPUIPlugin
2026-01-19 22:13:17,534 [INFO] PluginManager:220 - loadIPPluginJar : add usbx
2026-01-19 22:13:17,540 [INFO] IPUIPlugin:80 - create IPUIPlugin
2026-01-19 22:13:17,540 [INFO] PluginManager:220 - loadIPPluginJar : add gtzc
2026-01-19 22:13:17,545 [INFO] IPUIPlugin:80 - create IPUIPlugin
2026-01-19 22:13:17,545 [INFO] PluginManager:220 - loadIPPluginJar : add hash
2026-01-19 22:13:17,549 [INFO] IPUIPlugin:80 - create IPUIPlugin
2026-01-19 22:13:17,549 [INFO] PluginManager:220 - loadIPPluginJar : add tsc
2026-01-19 22:13:17,560 [INFO] IPUIPlugin:80 - create IPUIPlugin
2026-01-19 22:13:17,561 [INFO] PluginManager:220 - loadIPPluginJar : add opamp
2026-01-19 22:13:17,580 [INFO] IPUIPlugin:80 - create IPUIPlugin
2026-01-19 22:13:17,585 [INFO] PluginManager:220 - loadIPPluginJar : add plateformsettings
2026-01-19 22:13:17,595 [INFO] IPUIPlugin:80 - create IPUIPlugin
2026-01-19 22:13:17,595 [INFO] PluginManager:220 - loadIPPluginJar : add pdm2pcm
2026-01-19 22:13:17,604 [INFO] IPUIPlugin:80 - create IPUIPlugin
2026-01-19 22:13:17,604 [INFO] PluginManager:220 - loadIPPluginJar : add ddr_ctrl_phy
2026-01-19 22:13:17,618 [INFO] IPUIPlugin:80 - create IPUIPlugin
2026-01-19 22:13:17,619 [INFO] PluginManager:220 - loadIPPluginJar : add freertos
2026-01-19 22:13:17,629 [INFO] IPUIPlugin:80 - create IPUIPlugin
2026-01-19 22:13:17,630 [INFO] PluginManager:220 - loadIPPluginJar : add sai
2026-01-19 22:13:17,640 [INFO] IPUIPlugin:80 - create IPUIPlugin
2026-01-19 22:13:17,640 [INFO] PluginManager:220 - loadIPPluginJar : add resmgrutility
2026-01-19 22:13:17,653 [INFO] IPUIPlugin:80 - create IPUIPlugin
2026-01-19 22:13:17,653 [INFO] PluginManager:220 - loadIPPluginJar : add stm32_wpan
2026-01-19 22:13:17,665 [INFO] IPUIPlugin:80 - create IPUIPlugin
2026-01-19 22:13:17,666 [INFO] PluginManager:220 - loadIPPluginJar : add dma
2026-01-19 22:13:17,670 [INFO] IPUIPlugin:80 - create IPUIPlugin
2026-01-19 22:13:17,670 [INFO] PluginManager:220 - loadIPPluginJar : add ts
2026-01-19 22:13:17,673 [INFO] IPUIPlugin:80 - create IPUIPlugin
2026-01-19 22:13:17,674 [INFO] PluginManager:220 - loadIPPluginJar : add ltdc
2026-01-19 22:13:17,680 [INFO] IPUIPlugin:80 - create IPUIPlugin
2026-01-19 22:13:17,680 [INFO] PluginManager:220 - loadIPPluginJar : add aes
2026-01-19 22:13:17,684 [INFO] IPUIPlugin:80 - create IPUIPlugin
2026-01-19 22:13:17,684 [INFO] PluginManager:220 - loadIPPluginJar : add tim
2026-01-19 22:13:17,692 [INFO] IPUIPlugin:80 - create IPUIPlugin
2026-01-19 22:13:17,692 [INFO] PluginManager:220 - loadIPPluginJar : add ipddr
2026-01-19 22:13:17,698 [INFO] IPUIPlugin:80 - create IPUIPlugin
2026-01-19 22:13:17,698 [INFO] PluginManager:220 - loadIPPluginJar : add cryp
2026-01-19 22:13:17,702 [INFO] IPUIPlugin:80 - create IPUIPlugin
2026-01-19 22:13:17,703 [INFO] PluginManager:220 - loadIPPluginJar : add dfsdm
2026-01-19 22:13:17,706 [INFO] IPUIPlugin:80 - create IPUIPlugin
2026-01-19 22:13:17,706 [INFO] PluginManager:220 - loadIPPluginJar : add tracer_emb
2026-01-19 22:13:17,710 [INFO] IPUIPlugin:80 - create IPUIPlugin
2026-01-19 22:13:17,710 [INFO] PluginManager:220 - loadIPPluginJar : add ucpd
2026-01-19 22:13:17,719 [INFO] IPUIPlugin:80 - create IPUIPlugin
2026-01-19 22:13:17,719 [INFO] PluginManager:220 - loadIPPluginJar : add fmc
2026-01-19 22:13:17,723 [INFO] IPUIPlugin:80 - create IPUIPlugin
2026-01-19 22:13:17,723 [INFO] PluginManager:220 - loadIPPluginJar : add i2c
2026-01-19 22:13:17,735 [INFO] IPUIPlugin:80 - create IPUIPlugin
2026-01-19 22:13:17,735 [INFO] PluginManager:220 - loadIPPluginJar : add linkedlist
2026-01-19 22:13:17,737 [INFO] IPUIPlugin:80 - create IPUIPlugin
2026-01-19 22:13:17,737 [INFO] PluginManager:220 - loadIPPluginJar : add fatfs
2026-01-19 22:13:17,747 [INFO] IPUIPlugin:80 - create IPUIPlugin
2026-01-19 22:13:17,748 [INFO] PluginManager:220 - loadIPPluginJar : add gic
2026-01-19 22:13:17,752 [INFO] IPUIPlugin:80 - create IPUIPlugin
2026-01-19 22:13:17,752 [INFO] PluginManager:220 - loadIPPluginJar : add dma3
2026-01-19 22:13:17,762 [INFO] IPUIPlugin:80 - create IPUIPlugin
2026-01-19 22:13:17,762 [INFO] PluginManager:220 - loadIPPluginJar : add mdma
2026-01-19 22:13:17,764 [INFO] IPUIPlugin:80 - create IPUIPlugin
2026-01-19 22:13:17,765 [INFO] PluginManager:220 - loadIPPluginJar : add quadspi
2026-01-19 22:13:17,769 [INFO] IPUIPlugin:80 - create IPUIPlugin
2026-01-19 22:13:17,769 [INFO] PluginManager:220 - loadIPPluginJar : add extmemmanager
2026-01-19 22:13:17,771 [INFO] IPUIPlugin:80 - create IPUIPlugin
2026-01-19 22:13:17,771 [INFO] PluginManager:220 - loadIPPluginJar : add genericplugin
2026-01-19 22:13:17,777 [INFO] IPUIPlugin:80 - create IPUIPlugin
2026-01-19 22:13:17,778 [INFO] PluginManager:220 - loadIPPluginJar : add touchsensing
2026-01-19 22:13:17,780 [INFO] IPUIPlugin:80 - create IPUIPlugin
2026-01-19 22:13:17,780 [INFO] PluginManager:220 - loadIPPluginJar : add comp
2026-01-19 22:13:17,789 [INFO] IPUIPlugin:80 - create IPUIPlugin
2026-01-19 22:13:17,789 [INFO] PluginManager:220 - loadIPPluginJar : add gpio
2026-01-19 22:13:17,793 [INFO] IPUIPlugin:80 - create IPUIPlugin
2026-01-19 22:13:17,794 [INFO] PluginManager:220 - loadIPPluginJar : add lorawan
2026-01-19 22:13:17,798 [INFO] IPUIPlugin:80 - create IPUIPlugin
2026-01-19 22:13:17,798 [INFO] PluginManager:220 - loadIPPluginJar : add gfxmmu
2026-01-19 22:13:17,803 [INFO] IPUIPlugin:80 - create IPUIPlugin
2026-01-19 22:13:17,803 [INFO] PluginManager:220 - loadIPPluginJar : add can
2026-01-19 22:13:17,807 [INFO] IPUIPlugin:80 - create IPUIPlugin
2026-01-19 22:13:17,808 [INFO] PluginManager:220 - loadIPPluginJar : add openamp
2026-01-19 22:13:17,811 [INFO] IPUIPlugin:80 - create IPUIPlugin
2026-01-19 22:13:17,812 [INFO] PluginManager:220 - loadIPPluginJar : add radio
2026-01-19 22:13:17,820 [INFO] IPUIPlugin:80 - create IPUIPlugin
2026-01-19 22:13:17,820 [INFO] PluginManager:220 - loadIPPluginJar : add nvic
2026-01-19 22:13:17,832 [INFO] IPUIPlugin:80 - create IPUIPlugin
2026-01-19 22:13:17,832 [INFO] PluginManager:220 - loadIPPluginJar : add adc
2026-01-19 22:13:17,835 [INFO] IPUIPlugin:80 - create IPUIPlugin
2026-01-19 22:13:17,836 [INFO] PluginManager:220 - loadIPPluginJar : add spi
2026-01-19 22:13:17,840 [INFO] IPUIPlugin:80 - create IPUIPlugin
2026-01-19 22:13:17,840 [INFO] PluginManager:220 - loadIPPluginJar : add usart
2026-01-19 22:13:17,958 [FATAL] Updater:351 - Updater called before beeing initialized
2026-01-19 22:13:17,998 [INFO] RulesReader:64 - Compatibility file has been processed (317 Rules)
2026-01-19 22:13:18,013 [INFO] RulesReader:64 - Compatibility file has been processed (317 Rules)
2026-01-19 22:13:18,029 [INFO] CADModel:165 - CPN selected for project level
2026-01-19 22:13:18,029 [INFO] CADModel:114 - Register for checkConnection events
2026-01-19 22:13:18,029 [FATAL] Updater:351 - Updater called before beeing initialized
2026-01-19 22:13:18,029 [ERROR] CADModel:125 - Updater not yet initialized, retry later 
2026-01-19 22:13:18,268 [FATAL] Updater:351 - Updater called before beeing initialized
2026-01-19 22:13:18,271 [INFO] CADModel:165 - CPN selected for project level
2026-01-19 22:13:18,271 [INFO] CADModel:114 - Register for checkConnection events
2026-01-19 22:13:18,271 [FATAL] Updater:351 - Updater called before beeing initialized
2026-01-19 22:13:18,272 [ERROR] CADModel:125 - Updater not yet initialized, retry later 
2026-01-19 22:13:18,278 [FATAL] Updater:351 - Updater called before beeing initialized
2026-01-19 22:13:18,422 [FATAL] Updater:351 - Updater called before beeing initialized
2026-01-19 22:13:18,429 [INFO] DbMcusAds:53 - JSON generation date=Thu Jan 08 18:56:32 TRT 2026 (1767887792457)
2026-01-19 22:13:18,429 [FATAL] Updater:351 - Updater called before beeing initialized
2026-01-19 22:13:18,482 [WARN] DetailPanel:346 - Failed to get advertising image, set to default
2026-01-19 22:13:18,591 [FATAL] Updater:351 - Updater called before beeing initialized
2026-01-19 22:13:18,594 [FATAL] Updater:351 - Updater called before beeing initialized
2026-01-19 22:13:18,594 [FATAL] Updater:351 - Updater called before beeing initialized
2026-01-19 22:13:18,594 [WARN] DetailPanel:346 - Failed to get advertising image, set to default
2026-01-19 22:13:18,595 [FATAL] Updater:351 - Updater called before beeing initialized
2026-01-19 22:13:18,650 [ERROR] Updater:1198 - MainUpdater not yet initialized. External WinMGr cannot be set.
2026-01-19 22:13:18,653 [INFO] Updater:1134 - Updater Version found : 6.15.0
2026-01-19 22:13:18,686 [INFO] ApplicationProperties:184 - Using Application install path: /opt/st/stm32cubeide_1.19.0/plugins/com.st.stm32cube.common.mx_6.15.0.202507011659
2026-01-19 22:13:19,224 [INFO] MainUpdater:2872 - connection check result : 10
2026-01-19 22:13:19,225 [INFO] MainUpdater:289 - Updater Check For Update Now.
2026-01-19 22:13:19,225 [INFO] MicroXplorer:498 - Change Database Version : DB.6.0.150
2026-01-19 22:13:19,234 [INFO] McuFinderGlobals:63 - Set McuFinder mode to 2 (CubeIDE integrated)
2026-01-19 22:13:19,234 [INFO] UserAuth:171 - activating auth plugin
2026-01-19 22:13:19,244 [INFO] UserAuth:487 - Internet connection configuration mode: 1
2026-01-19 22:13:19,314 [INFO] JxBrowserEngine:152 - Initiate JxBrowser Engine with user profile folder
2026-01-19 22:13:19,474 [INFO] CheckServerUpdateThread:120 - End of CheckServer Thread
2026-01-19 22:13:20,070 [WARN] PackLoader:240 - Cannot read IP mode file for STMicroelectronics.FP-SNS-MOTENVWB1.1.4.0
2026-01-19 22:13:20,082 [WARN] PackLoader:240 - Cannot read IP mode file for STMicroelectronics.FP-ATR-ASTRA1.2.0.2
2026-01-19 22:13:20,095 [WARN] PackLoader:240 - Cannot read IP mode file for STMicroelectronics.X-CUBE-SMBUS.2.1.0
2026-01-19 22:13:20,102 [WARN] PackLoader:240 - Cannot read IP mode file for STMicroelectronics.X-CUBE-ST60.1.0.0
2026-01-19 22:13:20,144 [WARN] PackLoader:240 - Cannot read IP mode file for STMicroelectronics.X-CUBE-AZRTOS-F7.1.1.0
2026-01-19 22:13:20,157 [WARN] PackLoader:240 - Cannot read IP mode file for STMicroelectronics.FP-SNS-MOTENV1.5.1.0
2026-01-19 22:13:20,200 [WARN] PackLoader:240 - Cannot read IP mode file for Infineon.AIROC-Wi-Fi-Bluetooth-STM32.1.7.1
2026-01-19 22:13:20,272 [WARN] PackLoader:240 - Cannot read IP mode file for STMicroelectronics.X-CUBE-AZRTOS-H7.3.4.0
2026-01-19 22:13:20,301 [WARN] PackLoader:240 - Cannot read IP mode file for STMicroelectronics.X-CUBE-DISPLAY.3.0.0
2026-01-19 22:13:20,336 [WARN] PackLoader:240 - Cannot read IP mode file for STMicroelectronics.X-CUBE-NFC10.1.0.0
2026-01-19 22:13:20,348 [WARN] PackLoader:240 - Cannot read IP mode file for STMicroelectronics.X-CUBE-ST60.1.1.0
2026-01-19 22:13:20,359 [WARN] PackLoader:240 - Cannot read IP mode file for emotas.I-CUBE-CANOPEN.1.3.0
2026-01-19 22:13:20,369 [WARN] PackLoader:240 - Cannot read IP mode file for STMicroelectronics.X-CUBE-GNSS1.7.1.0
2026-01-19 22:13:20,384 [WARN] PackLoader:240 - Cannot read IP mode file for STMicroelectronics.FP-SNS-STBOX1.2.1.0
2026-01-19 22:13:20,393 [WARN] PackLoader:240 - Cannot read IP mode file for STMicroelectronics.FP-SNS-SMARTAG2.1.2.0
2026-01-19 22:13:20,402 [WARN] PackLoader:240 - Cannot read IP mode file for STMicroelectronics.FP-SNS-FLIGHT1.5.1.0
2026-01-19 22:13:20,423 [INFO] LogOutputStream:77 - [STDOUT_REDIRECT] 1 : Invalid condition id : UX_CORESTACK_Condition cause : null
2026-01-19 22:13:20,425 [INFO] LogOutputStream:77 - [STDOUT_REDIRECT] 1 : Invalid condition id : UX_CORESTACK_Condition cause : null
2026-01-19 22:13:20,426 [INFO] LogOutputStream:77 - [STDOUT_REDIRECT] 1 : Invalid condition id : UX_CORESTACK_Condition cause : null
2026-01-19 22:13:20,429 [INFO] LogOutputStream:77 - [STDOUT_REDIRECT] 1 : Invalid condition id : UX_CORESTACK_Condition cause : null
2026-01-19 22:13:20,433 [INFO] LogOutputStream:77 - [STDOUT_REDIRECT] 1 : Invalid condition id : UX_CORESTACK_Condition cause : null
2026-01-19 22:13:20,447 [WARN] PackLoader:240 - Cannot read IP mode file for STMicroelectronics.X-CUBE-AZRTOS-WL.2.0.0
2026-01-19 22:13:20,457 [WARN] PackLoader:240 - Cannot read IP mode file for STMicroelectronics.FP-SNS-MOTENV1.5.0.0
2026-01-19 22:13:20,497 [WARN] PackLoader:240 - Cannot read IP mode file for STMicroelectronics.X-CUBE-AZRTOS-H7RS.1.2.0
2026-01-19 22:13:20,510 [WARN] PackLoader:240 - Cannot read IP mode file for WES.I-CUBE-Cesium.1.3.0
2026-01-19 22:13:20,516 [WARN] PackLoader:240 - Cannot read IP mode file for STMicroelectronics.X-CUBE-BLE2.3.3.0
2026-01-19 22:13:20,550 [WARN] PackLoader:240 - Cannot read IP mode file for STMicroelectronics.X-CUBE-NFC9.1.0.0
2026-01-19 22:13:20,558 [WARN] PackLoader:240 - Cannot read IP mode file for wolfSSL.I-CUBE-wolfSSL.5.8.0
2026-01-19 22:13:20,609 [WARN] PackLoader:240 - Cannot read IP mode file for STMicroelectronics.X-CUBE-BLE1.7.1.0
2026-01-19 22:13:20,620 [WARN] PackLoader:240 - Cannot read IP mode file for wolfSSL.I-CUBE-wolfMQTT.1.19.2
2026-01-19 22:13:20,629 [WARN] PackLoader:240 - Cannot read IP mode file for STMicroelectronics.X-CUBE-FREERTOS.1.4.0
2026-01-19 22:13:20,640 [WARN] PackLoader:240 - Cannot read IP mode file for STMicroelectronics.X-CUBE-EEPRMA1.5.2.0
2026-01-19 22:13:20,653 [WARN] PackLoader:240 - Cannot read IP mode file for STMicroelectronics.X-CUBE-ST67W61.1.1.0
2026-01-19 22:13:20,659 [WARN] PackLoader:240 - Cannot read IP mode file for STMicroelectronics.X-CUBE-AI.10.1.0
2026-01-19 22:13:20,721 [WARN] PackLoader:240 - Cannot read IP mode file for STMicroelectronics.X-CUBE-MEMS1.12.0.0
2026-01-19 22:13:20,849 [WARN] PackLoader:240 - Cannot read IP mode file for STMicroelectronics.X-CUBE-AZRTOS-G0.1.1.0
2026-01-19 22:13:20,862 [WARN] PackLoader:240 - Cannot read IP mode file for STMicroelectronics.X-CUBE-SAFEA1.1.2.2
2026-01-19 22:13:20,870 [WARN] PackLoader:240 - Cannot read IP mode file for STMicroelectronics.X-CUBE-NFC4.3.0.0
2026-01-19 22:13:20,882 [WARN] PackLoader:240 - Cannot read IP mode file for EmbeddedOffice.I-CUBE-FS-RTOS.1.0.1
2026-01-19 22:13:20,892 [WARN] PackLoader:240 - Cannot read IP mode file for STMicroelectronics.X-CUBE-WB05N.2.0.0
2026-01-19 22:13:20,900 [WARN] PackLoader:240 - Cannot read IP mode file for wolfSSL.I-CUBE-wolfTPM.3.8.0
2026-01-19 22:13:20,908 [WARN] PackLoader:240 - Cannot read IP mode file for STMicroelectronics.X-CUBE-TCPP.4.2.0
2026-01-19 22:13:20,936 [WARN] PackLoader:240 - Cannot read IP mode file for RealThread.X-CUBE-RT-Thread_Nano.4.1.1
2026-01-19 22:13:20,942 [WARN] PackLoader:240 - Cannot read IP mode file for STMicroelectronics.FP-ATR-SIGFOX1.3.2.0
2026-01-19 22:13:20,951 [WARN] PackLoader:240 - Cannot read IP mode file for ITTIA_DB.I-CUBE-ITTIADB.8.9.0
2026-01-19 22:13:20,965 [WARN] PackLoader:240 - Cannot read IP mode file for STMicroelectronics.X-CUBE-ST67W61.1.0.0
2026-01-19 22:13:20,973 [WARN] PackLoader:240 - Cannot read IP mode file for STMicroelectronics.X-CUBE-AI.10.2.0
2026-01-19 22:13:21,018 [WARN] PackLoader:240 - Cannot read IP mode file for SEGGER.I-CUBE-embOS.1.3.1
2026-01-19 22:13:21,120 [WARN] PackLoader:240 - Cannot read IP mode file for STMicroelectronics.X-CUBE-ALGOBUILD.1.4.0
2026-01-19 22:13:21,344 [WARN] PackLoader:240 - Cannot read IP mode file for STMicroelectronics.X-CUBE-MEMS1.11.3.0
2026-01-19 22:13:21,615 [WARN] PackLoader:240 - Cannot read IP mode file for STMicroelectronics.X-CUBE-PM33A1.1.0.0
2026-01-19 22:13:21,637 [WARN] PackLoader:240 - Cannot read IP mode file for STMicroelectronics.X-CUBE-AZRTOS-F4.1.1.0
2026-01-19 22:13:21,642 [WARN] PackLoader:240 - Cannot read IP mode file for Avnet-IotConnect.X-CUBE-IoTC-DA16k-PMOD.1.0.0
2026-01-19 22:13:21,650 [WARN] PackLoader:240 - Cannot read IP mode file for STMicroelectronics.X-CUBE-ISPU.2.1.0
2026-01-19 22:13:21,708 [WARN] PackLoader:240 - Cannot read IP mode file for STMicroelectronics.X-CUBE-IPS.3.2.0
2026-01-19 22:13:21,733 [WARN] PackLoader:240 - Cannot read IP mode file for STMicroelectronics.X-CUBE-NFC12.1.0.0
2026-01-19 22:13:21,771 [WARN] PackLoader:240 - Cannot read IP mode file for STMicroelectronics.X-CUBE-AZRTOS-L5.2.0.0
2026-01-19 22:13:21,782 [WARN] PackLoader:240 - Cannot read IP mode file for STMicroelectronics.X-CUBE-NFC6.3.1.0
2026-01-19 22:13:21,789 [WARN] PackLoader:240 - Cannot read IP mode file for STMicroelectronics.X-CUBE-FREERTOS.1.3.1
2026-01-19 22:13:21,795 [WARN] PackLoader:240 - Cannot read IP mode file for STMicroelectronics.X-CUBE-TOUCHGFX.4.26.0
2026-01-19 22:13:21,800 [WARN] PackLoader:240 - Cannot read IP mode file for STMicroelectronics.FP-SNS-STAIOTCFT.1.0.0
2026-01-19 22:13:21,831 [WARN] PackLoader:240 - Cannot read IP mode file for STMicroelectronics.X-CUBE-DPower.1.3.0
2026-01-19 22:13:21,878 [WARN] ConditionMgr:438 - getConditionDescription Invalid condition id : LAN8742 Phy interface Condition cause : null
2026-01-19 22:13:21,878 [WARN] PackLoader:240 - Cannot read IP mode file for STMicroelectronics.X-CUBE-AZRTOS-L4.2.0.0
2026-01-19 22:13:21,880 [WARN] ConditionMgr:1044 - genDependencies : Invalid condition id : LAN8742 Phy interface Condition cause : null
2026-01-19 22:13:21,880 [WARN] ConditionMgr:1044 - genDependencies : Invalid condition id : LAN8742 Phy interface Condition cause : null
2026-01-19 22:13:21,881 [WARN] ConditionMgr:1044 - genDependencies : Invalid condition id : LAN8742 Phy interface Condition cause : null
2026-01-19 22:13:21,910 [WARN] PackLoader:240 - Cannot read IP mode file for STMicroelectronics.X-CUBE-SFXS2LP1.4.0.0
2026-01-19 22:13:21,918 [WARN] PackLoader:240 - Cannot read IP mode file for STMicroelectronics.X-CUBE-ST67W61.1.2.0
2026-01-19 22:13:21,945 [WARN] PackLoader:240 - Cannot read IP mode file for STMicroelectronics.X-CUBE-BLEMGR.4.1.0
2026-01-19 22:13:21,965 [WARN] ConditionMgr:438 - getConditionDescription Invalid condition id : UX DEVICE CLASS RTOS Condition cause : null
2026-01-19 22:13:21,965 [WARN] ConditionMgr:438 - getConditionDescription Invalid condition id : UX DEVICE CLASS RTOS Condition cause : null
2026-01-19 22:13:21,968 [WARN] PackLoader:240 - Cannot read IP mode file for STMicroelectronics.X-CUBE-AZRTOS-WB.2.0.0
2026-01-19 22:13:21,968 [WARN] ConditionMgr:1044 - genDependencies : Invalid condition id : UX DEVICE CLASS RTOS Condition cause : null
2026-01-19 22:13:21,968 [WARN] ConditionMgr:1044 - genDependencies : Invalid condition id : UX DEVICE CLASS RTOS Condition cause : null
2026-01-19 22:13:21,969 [WARN] ConditionMgr:1044 - genDependencies : Invalid condition id : UX DEVICE CLASS RTOS Condition cause : null
2026-01-19 22:13:21,969 [WARN] ConditionMgr:1044 - genDependencies : Invalid condition id : UX DEVICE CLASS RTOS Condition cause : null
2026-01-19 22:13:21,969 [WARN] ConditionMgr:1044 - genDependencies : Invalid condition id : UX DEVICE CLASS RTOS Condition cause : null
2026-01-19 22:13:21,982 [WARN] PackLoader:240 - Cannot read IP mode file for STMicroelectronics.X-CUBE-GNSS1.7.0.1
2026-01-19 22:13:21,987 [WARN] PackLoader:240 - Cannot read IP mode file for STMicroelectronics.X-CUBE-TOUCHGFX.4.25.0
2026-01-19 22:13:22,018 [WARN] PackLoader:240 - Cannot read IP mode file for STMicroelectronics.FP-SNS-STBOX1.2.0.0
2026-01-19 22:13:22,030 [WARN] ConditionMgr:438 - getConditionDescription Invalid condition id : Cortex-A Device cause : null
2026-01-19 22:13:22,067 [WARN] ConditionMgr:1044 - genDependencies : Invalid condition id : Cortex-A Device cause : null
2026-01-19 22:13:22,067 [WARN] ConditionMgr:1044 - genDependencies : Invalid condition id : Cortex-A Device cause : null
2026-01-19 22:13:22,067 [WARN] ConditionMgr:1044 - genDependencies : Invalid condition id : Cortex-A Device cause : null
2026-01-19 22:13:22,083 [WARN] PackLoader:240 - Cannot read IP mode file for STMicroelectronics.X-CUBE-SUBG2.5.0.0
2026-01-19 22:13:22,108 [WARN] PackLoader:240 - Cannot read IP mode file for STMicroelectronics.X-CUBE-AZRTOS-H7RS.1.1.0
2026-01-19 22:13:22,119 [WARN] PackLoader:240 - Cannot read IP mode file for Cesanta.I-CUBE-Mongoose.7.13.0
2026-01-19 22:13:22,132 [WARN] PackLoader:240 - Cannot read IP mode file for STMicroelectronics.X-CUBE-AZRTOS-G4.2.0.0
2026-01-19 22:13:22,137 [WARN] PackLoader:240 - Cannot read IP mode file for wolfSSL.I-CUBE-wolfSSH.1.4.20
2026-01-19 22:13:22,141 [WARN] PackLoader:240 - Cannot read IP mode file for STMicroelectronics.X-CUBE-NFC7.2.0.0
2026-01-19 22:13:22,156 [WARN] PackLoader:240 - Cannot read IP mode file for STMicroelectronics.X-CUBE-IPS.3.1.0
2026-01-19 22:13:22,178 [WARN] PackLoader:240 - Cannot read IP mode file for STMicroelectronics.X-CUBE-ALS.1.0.2
2026-01-19 22:13:22,190 [WARN] PackLoader:240 - Cannot read IP mode file for STMicroelectronics.X-CUBE-STSE01.1.0.0
2026-01-19 22:13:22,202 [WARN] PackLoader:240 - Cannot read IP mode file for portGmbH.I-Cube-SoM-uGOAL.1.1.0
2026-01-19 22:13:22,219 [WARN] PackLoader:240 - Cannot read IP mode file for STMicroelectronics.X-CUBE-TOF1.3.4.3
2026-01-19 22:13:22,230 [INFO] ThirdParty:978 - Integrity check success = true
2026-01-19 22:13:22,231 [INFO] IntegrityCheckThread:100 - exiting critical section [integrity check]
2026-01-19 22:13:22,231 [INFO] IntegrityCheckThread:103 - End integrity checks thread
2026-01-19 22:13:23,070 [INFO] WebApp:169 - Instantiating new browser for Auth
2026-01-19 22:13:28,912 [INFO] WebApp:463 - Apply proxy settings
2026-01-19 22:13:28,913 [INFO] WebApp:548 - Chromium requires no authentication
2026-01-19 22:13:28,930 [INFO] WebApp:491 - Direct internet connection detected
2026-01-19 22:13:28,985 [INFO] WebApp:900 - Register for checkConnection events
2026-01-19 22:13:28,985 [INFO] WebApp:463 - Apply proxy settings
2026-01-19 22:13:28,985 [INFO] WebApp:548 - Chromium requires no authentication
2026-01-19 22:13:28,986 [INFO] WebApp:491 - Direct internet connection detected
2026-01-19 22:13:29,350 [INFO] WebApp:225 - Starting web application
2026-01-19 22:13:29,351 [INFO] WebApp:593 - Web application path used /opt/st/stm32cubeide_1.19.0/plugins/com.st.stm32cube.common.mx_6.15.0.202507011659/db/plugins/mcufinder/reactClient1/index.html
2026-01-19 22:13:29,470 [INFO] WebApp:191 - Connection restablished
